-2055632076
473039780
-1580896968
1646025416
1226790281
1671322308
268626767
-1860672022
1780620344
-1092876746
268626767
1289556668
-1986323108
42
-1092876746
-864027188
-796487922
268626767
268626767
-1199415438
-1549660970
-495445794
-1931471853
-19227878
-847668286
768284183
0
-104347318
164385922
1372686417
-1973559324
1404686584
-1199415438
-1092876746
-1045461811
142956467
268626767
-1393387613
390790089
-1092876746
-1447958320
-1931153872
1870275092
-1263016386
1687303693
604607747
-1092876746
-847668286
-665819355
-1796066045
-844496716
5
-1794293320
-1375287075
1826179080
0
772838704
-2027499369
1514253529
1126287054
169523244
-1375287075
-1483544080
-665819355
604607747
1600504336
1073156013
-1376219162
-665819355
1902576465
-247704506
1
1981906523
0
-645483639
2
164385922
1840375800
-689408984
-171111662
-128205008
1861281281
0
-853762782
0
1620259244
1
0
-665819355
1934272303
0
-636211769
-262856686
164385922
-1996475079
-665819355
1211766285
-127927677
-1105513148
-1
975873294
-665819355
-1746678248
706756775
2124018559
534495978
-583899764
-1160333132
-1854979294
-1658647972
