68892516
-1406203860
20
68892516
68892516
794229380
386109218
722532500
-842490408
2125156042
-597060972
68892516
-1268555879
-1166926734
0
335135508
531281267
787361569
1093100063
-1297753880
1539804430
991119118
1279275470
420756349
941129213
217939855
-187092813
787361569
441237913
1718134064
1994902258
991119118
-1894209976
991119118
991119118
-896665389
-528944723
101853834
-772628960
0
-528944723
-187092813
787361569
991119118
1990523616
-543147651
-1954909733
-528944723
-1608330661
787361569
2088868626
743872874
673967914
-760200116
743872874
