15
2014161100
-745948436
542354310
1851652342
542354310
-1660480564
-542354310
1745246221
1331719585
-1540658176
-215669154
0
0
1205520014
542354310
-918790596
0
542354310
-50992783
2140106895
0
-1181143479
1143541771
-1815679102
-2126908468
-23
-101873300
1662202184
-2043678098
-778435239
0
1898236129
-1853649201
-669235318
2025336127
-50992783
-449804238
-924382010
-2013529422
-1959006431
1
491361527
-1033663677
-2013199745
689206201
1415135181
772974463
0
1369947773
1454144406
-972422792
-1789939
-2146192701
439810660
1415135181
1640977436
1415135181
-1663227021
-214545891
1045724791
-1757719778
-50992783
441514093
-383461588
542354310
-1417366720
1603681644
-1114726445
-2071649940
930826271
1079754157
917968444
-1880401169
1415135181
1522962500
-1061226276
1415135181
491361525
1
-1084585797
0
0
1653417017
-2
542354310
-2127767904
33
-394448234
-192133475
930826271
-411154516
1386960613
