-1109127116
1613227691
826183775
526430181
127025076
-1
88009985
59634892
1376377168
0
-694935308
-1826837248
2031844145
-35529648
-1826837248
-1826837248
-1826837248
15049221
2032433919
1187662062
-97169423
-1826837248
-1826837248
1324174955
1585936616
-244991589
-1835885927
-1120598686
-1711837862
1388816156
-1070315006
19853649
22837828
-1826837248
-1826837248
1695778933
15049221
479732308
72312287
1520294142
1520294142
1499993540
998363648
-1726365350
7524610
1097573888
-1726365350
1248937973
1826837247
1520294142
804514237
