0
-1526883392
308091335
308091335
308091335
1842426931
-1963185551
2112755150
1
323556080
184249262
-1261276322
308091335
308091335
619858307
-5
1264580767
1974638648
1421538661
308091335
1812828005
-1
-1790944673
-1498420566
348663130
1338769728
308091335
-1
308091335
308091335
-1450557160
1
-1228940636
556728567
-1
0
2077309648
-1129575097
1633942459
1271352022
666014446
1474006215
308091335
-296615871
1
-1834824287
1769218313
2077309648
-1477832336
-1606457540
-218212381
1906567090
942082559
1217184904
631358072
308091335
308091335
1338769728
-1
-1834824287
-976852900
853421357
308091335
308091335
-389240774
1788410521
-668565628
-1729076113
-75693752
1338769728
-126575850
-1375605648
308091335
-1279926976
-452133291
-670891268
-400584409
1215750529
308091335
1338769728
1265050509
308091335
-1893784484
2080395444
2043120530
1600573054
308091335
-157142779
1797648336
-2
2042205562
-1228940636
0
-723080137
656476711
308091335
1496228117
-1375695582
1274292080
-1834824287
1227229023
-1589769561
579690919
-1573656438
664561150
-1058438307
