1708968346
-440618109
0
1421435098
1021030569
-734647535
-2010760091
1021030569
1021030569
1021030569
-1138323670
0
1021030569
0
1540205973
1
998346221
-1247682033
-1861225870
2018670317
-1109039352
1021030569
0
-104362400
0
0
0
0
1021030574
0
-2118585448
324459613
0
1021030569
0
898920225
1411682536
1101973992
-731609281
0
1770192765
0
0
-1
1368607440
-1629608841
1021030569
0
-2132212443
-1406139385
-1532523818
1769570056
-2132212443
-1532523818
1906021667
1021833121
-701266683
694961440
0
-1965002002
56932274
0
-1140921732
361032342
2041659880
-1140921732
0
2058911827
1189665277
1021030569
-1
892129975
2042061138
1042900983
1471534002
1021030569
1854742313
0
458821573
0
1021030569
619233045
1105391542
697193099
-1937938966
-1668903918
-1806947784
1174196697
1700100089
