108539631
-532045523
1303205360
1232591935
1983034918
-1244483553
-653106708
17093735
-1698532122
-392478575
1099110998
-1594783595
-1938342113
1
1099681770
70401048
1183361972
-395753835
761841588
994167066
-1658081967
17093735
1000808504
81932543
1008661681
-1594783595
761841588
-1658081967
761841588
-742639359
0
1184112791
17093735
752267659
2107463667
761841588
1667993680
-1551013379
-540417788
-1038043634
761841588
1862641251
0
0
-1594783595
-1325426397
-1594783595
-615355739
-2103422869
1046614270
1814656415
0
433980877
-762600345
2089443476
643698210
-1594783595
-1791258526
-1561075769
-589147961
-1919705134
761841588
-357110294
451074612
-1930064699
702045282
0
651671352
-1
-860593149
1191694901
4386332
617217432
1722332248
-685986983
-456852428
433980877
-998020677
-751868541
1000808504
0
651671352
-2099559914
1949578520
246854938
1000808504
1000808504
110499176
-21670718
-1594783595
761841588
-1218421244
1000808504
0
1000808504
-621530315
-266489732
657869296
-849282973
1000808504
715206144
-1056768877
0
-2099559914
-573516125
1457523829
813420965
0
-1658081967
-180804443
-585772441
-1742600972
168516636
-682484944
536168082
349666153
1000808504
-1715503413
702045282
-348089601
-399955549
1000808504
2
-1658081967
-1797253881
-4
0
242508419
-1300971036
433980877
-2099559914
-980822114
-880310858
-916847889
704993143
668791764
-2080597542
-203155125
668791764
-1591270512
-1569004379
2084232675
1518265731
193054538
-1594783595
-129706162
1658081966
-1869890694
-2
