1874741460
1235503654
1539061513
0
1539061513
-92069607
-1979096080
1539061513
0
-2028331922
325672562
586573785
1539061513
0
-1658412977
-1658412977
2
-1689009312
-2079356904
83666604
1539061513
1539061513
-1041746792
1716891632
1539061513
1110763686
-2028331922
-2066776919
1035852055
-1658412977
2133063420
1780775447
658266665
-1057016875
470553932
-105216708
1539061513
1995797621
1539061513
1539061513
1676343989
-127656267
-1892719766
1539061513
1539061513
-201464547
-2028331922
0
68274863
-1143959039
476745862
0
476745862
-100149025
1624172112
-1406311017
86777637
-1441397040
-272389036
-1892719766
1539061513
-1091033126
861955876
398354019
-757677472
0
-2028331922
812716782
-2090786097
-513112367
-1227855863
-1
83666604
-739228796
787908200
1332456534
-1093667080
-1658412977
925174348
-127656267
-2028331922
-93277896
-521672428
-492263710
-639604249
516222481
-130101484
1034871205
1539061513
-1753488564
1900443362
990932892
1
1539061513
1
-664364764
