1619543796
678590146
1462557860
678590146
1837378111
678590146
-1664521661
1158787965
-208916757
678590146
-1266277170
678590146
1615187480
770511585
1837378111
678590146
678590146
2104503806
2
-1832624332
-114783983
1895785980
-1418027031
-1369841214
-1594042875
0
-910132389
0
2048229038
1837378111
-1251510316
-85721600
447546578
-866287556
-557795304
678590146
1274649646
497931053
454161971
490918661
775008792
1655059758
678590146
1158787965
678590146
-2147282022
1158787965
972792485
-753185243
1888149551
-503086929
1075473391
947245461
-1444320120
1064800376
-528923330
-1594042875
1837378111
-1965804390
678590146
-1794187435
