-276660771
877372503
-1902911439
1621462807
-1110832949
-211391247
1251893953
-915330921
1652694338
-1538128641
-929559150
707093632
-2023399063
-1187751471
-5
1652694338
-1717452087
0
222187381
1652694338
-1209399159
436453148
1
-1
1621462806
1621462806
2050484517
-1705081165
1004721034
-578023483
1621462806
125890064
1885553625
-1705081167
296119663
1
577513907
-64244093
132259541
-64244093
412470533
1
1356195493
4
725820994
813850728
875067463
-207870332
788475946
296119663
1152757311
307886211
-945557114
-442660925
-1705081166
-388787326
0
384823631
384823631
-1462929160
-844546018
403108395
-902334681
917072643
-1826872473
-424085828
-474427115
384823631
1762865815
384823631
-474427115
384823631
-1922269811
1429869482
760594749
-1704905328
