-1271485574
-983879471
-1567863253
2004722430
399248712
798497424
586920620
798497424
798497424
150133733
-1668203444
-813493217
-1668203444
0
226004574
949349679
2066665158
-1914162560
-1756906130
-1916667082
874701792
3
-1668203444
-567984613
484745554
-61955995
798497424
521002688
-1110699162
-849457924
150133733
644879383
-1463109892
0
-1543727469
1797905635
1996369246
-651091108
-711450450
-912948052
2028259405
-1
986169332
586920620
-943903581
-318492263
-304577709
-61955995
-1800637786
-920845430
829660207
-1110699162
1216823374
-1386814264
1582233388
1746576366
0
399248712
-187687658
-1268954732
1174429682
-1407926780
-338378817
0
150133733
798497424
798497424
-717561294
678650163
0
586920620
407594524
-782249165
764797570
-2011846826
1708254184
-1952108790
-411745854
-1116602075
-1834936585
-1216431344
2066665158
-1110699162
769343010
980792330
-1007184999
1260017026
751982723
1541094869
-781246631
30467728
586920620
1906519280
-559931167
-1297629326
18910954
1586608072
843225016
399248712
150133733
798497424
586920620
798497424
-1668203444
2066665158
-813493213
769343010
-1110699162
-1110699162
-61955995
150133733
586920620
-559931167
-782249165
399248712
-1116602075
-1457711762
842108984
-1021259526
-559931167
769343010
-1207493688
586920620
-1479744538
-1110699162
586920620
-348761043
-61955995
