0
281196285
1211081886
0
281196285
281196285
-1107448387
281196285
674741116
1023082490
281196285
-1302149568
281196285
1591359706
542725881
-1054193669
-191807208
1613811226
-1054193669
645424712
0
645424712
-707297370
-125306576
1975526189
-1
-1020543119
281196285
1746714482
281196285
0
899905068
-1054193669
1186262632
281196285
9
875056047
-1689956522
0
281196285
-1
689138667
311206588
343376510
1202569545
281196285
281196285
-1054193669
645424712
281196285
-1054193669
311206585
-1020543119
-1430641738
281196285
281196285
-1780613897
-687039658
875056047
638653457
281196285
281196285
-1468204279
-57111413
