707134384
-1352539938
2
437632956
0
-2110112118
-1931489984
-946264966
-746711723
-88039410
1224282491
0
-746711723
1224282491
1204812628
-558220346
518926877
-367798002
-746711723
1915614129
-2044670957
-746711723
127351417
-2140679513
2130189365
272327787
-1994546613
424897145
-781815496
-746711723
-211817205
-1794315856
0
-2044670957
1993255097
1946838324
-1218550091
-1946556824
-1218550091
6
1967917456
1801232728
-2140679513
-2055643253
-1669142160
157379598
-1141016256
2042738721
844135551
462097294
-2055643253
1593680014
-1993690353
1657419176
-1141003938
-961609621
-1471551279
-746711723
0
1
-1795430847
-746711723
-167637
-746711723
-1404280512
-1772780136
1265645368
-1218550091
-471838368
1224282491
500833420
1478125005
1057620779
-399925562
-1452622707
1672497747
-2140679513
1519211499
-844135552
-1418281513
1296629647
1672497747
-1994546613
120940200
-1919403430
-1858008473
-182059218
-1
-746711723
-746711723
1224282491
-1994546613
-2140679513
-2044670957
-2140679513
844135552
-1218550091
-746711723
-2055643253
-1
1672497747
-2055643253
1224282491
-1994546613
-770264122
-1785278043
1947404268
1224282491
-2055643253
-1360474440
-941620299
-1919403430
54883802
-746711723
1672497747
0
