2103174653
918940676
247054190
-689838316
1940510432
308169906
-2017196529
1
750291207
918940676
918940676
-654353359
918940676
0
918940676
-2090625183
984040996
758296119
943694406
918940676
-1850941501
717265449
918940676
-807161433
918940676
-2036263766
1606154642
38763147
717265449
-1858804343
145875206
750291207
-385195532
1008737086
2073841404
-1858804343
717265449
-1858804343
-655030363
149911850
-943759344
2073841404
-1858804343
918940676
-2090625183
918940676
750291207
717265449
750291207
1
-1858804343
-1858804343
918940676
2073841404
918940676
-1138807057
-179022087
