-809266371
1
123595171
-51830799
1797958632
1304572316
-145498488
542651663
1855446611
542651663
-1899610603
-728994560
-1368452180
829338941
952934112
-1604857633
-1899610603
-593239989
1426102115
0
1004870842
0
1261854481
-15
-1899610603
542651663
-1617766625
952934112
100636925
-1
-1978508781
-1677549519
123595171
1653610256
0
23832519
23832519
-439700678
-1932624561
-580805702
-487987531
-1899610603
493778457
-637520184
-206807224
123595171
-822629069
-1131241447
-1171653514
952934112
0
0
1832764713
123595171
-1450804799
-1521430385
-1502596652
984648184
-1048058343
-2091765963
1879666666
-309488377
123595171
123595171
-621729391
-1899610603
1137244629
123595171
-1607967051
123595171
123595171
1092019775
23832519
1179540119
123595171
-1797151072
123595171
542651663
-1695699372
-577042635
-1488201417
1843019814
-1420773596
123595171
1817692818
-1824196540
-1845551725
-1
652514219
1420777232
-3
-660239613
-1420773596
-35414526
652514219
1058824805
1864196077
606909790
123595171
-1899610603
123595171
123595171
952934112
-1899610603
542651663
952934112
123595171
0
-1899610603
1000873540
-1899610603
123595171
-1899610603
123595171
23832519
1711716659
123595171
123595171
-1048058343
123595171
1843019814
1843019814
123595171
-1
652514219
0
-1899610603
-1420773596
-466170765
0
1864196077
123595171
652514219
652514219
-1940812658
