-1203728768
1367205768
1325030721
1367205768
562932026
1367205768
-236284198
1367205768
976839108
1367205768
741292628
-1211688633
1769690898
-218776257
-1394705280
1367205768
-1487549342
163834805
358198707
1645909379
667750292
1889434196
-1401953608
365209454
599714571
2051340043
1
729092578
-882977934
0
667750292
72242354
667750292
739863703
1367205768
1367205768
744349537
-619040439
667750292
1367205768
-715004838
-1509968380
0
-797254220
1562944915
667750292
-367671149
1676256996
661750509
-715004838
-2133718101
-1276903343
0
-28760740
1367205768
1769690898
1676256996
163834805
667750292
667750292
163834810
-531505959
1127257948
-715004838
163834810
-715004838
1797927326
1503975175
163834810
163834810
961932784
-1546854086
1503975175
-28760740
