418965100
-527001676
2002821647
-2074764473
542873362
288855258
877067712
2002821647
-103568212
2002821647
-780258733
1554988297
361885176
-1441463811
367640004
-1822940515
1471333494
-1233158132
-1716899749
216081883
-624526366
2002821647
-635469366
-1065779010
-55083323
-55083323
430919502
2002821647
2
-1646357464
1329631643
-55083323
1436771223
-1967615484
-1105236626
2002821647
116333963
2002821647
1471333494
-1651837936
-920761564
2002821647
1471333494
101243381
0
-1307390055
1039130518
1100137118
205582506
1634103655
-1444357438
2110307111
-631972065
-1444357438
55083323
1844923691
1896441174
1959398195
2002821647
0
118430606
-1548209323
466558082
-537507754
35
1471333494
1098967021
2002821647
2002821647
1471333494
1471333494
-1954032774
-55083323
2002821647
-1759615763
-1444357438
-55083323
1471333494
1471333494
-1759615763
-1954032774
-144624621
-1970088727
-162770161
-1098967021
