-832383782
395242617
-5
940550829
2079512501
2044717543
-1417443701
-1417443701
-1417443701
1577223674
-1417443701
-4
-1308528509
417995632
965580905
1197860385
-1417443701
-261972787
-1
-2105772998
-848452961
-1417443701
0
-896142599
1148985954
-1549769322
-28715229
-1483143389
942351386
-1417443701
-246066381
1597991643
1439039021
1934111319
1197860385
-1417443701
-1916224063
628249391
1597609526
1546102898
-149494248
-32219865
-2084280907
1722170543
-628343740
-1417443701
1197860385
-1417443701
-1417443701
-1417443701
-1417443701
-32219865
-32219865
-32219865
-1417443701
-1417443701
-32219865
1578481722
1722170543
-1719301414
-1417443701
-725873658
-1719301414
