-2050167704
-2050167704
-1007849528
-1645480518
754586128
-3
-1
-2050167707
916455327
-2050167707
-1572395595
1192262847
1151016058
194631885
-2050167704
-2050167704
224864055
1570629681
57959872
636202680
405716643
1874219286
-1730293548
421140094
-1582061742
1366779300
1139020496
319361010
-370580303
-1993174840
1766277148
455592716
-2006177913
-151273790
201368368
856104862
1874219286
546228009
-2050167704
332369543
-310694458
174977645
1711156934
906972072
-2084529040
0
-2050167704
1411512033
0
-732782266
1812888460
-2050167704
1874219286
-2050167707
-2050167707
-2050167707
-2050167704
405716643
1570629681
1804721613
-151273790
543301506
-2050167707
1904872152
-151273790
-2050167704
0
