568402230
1396947791
1396947791
-1
393265454
11
1396947791
1218791714
-1
-1723446175
-1723446175
-1027942699
-1108934445
1396947791
1844393914
-1723446175
-1799792876
0
0
-613445264
-298142766
-1047194066
-2141472318
-71020763
2020121073
-2047866753
-71020763
-535632164
-166387965
-1
-2141472318
-1
-71020763
-1205041165
698585798
-1565809486
-1010043830
957104711
1050642716
395803112
-1
-988533244
-1356400526
-1
-2141472318
-2141472318
0
0
-1703619334
1753957007
-562833756
-1
-71020763
-22373793
22079420
33107054
-125141596
0
1070080726
-1590825739
1215547446
886181381
-1723446175
0
-1
-1723446175
86923126
1662599691
1787793259
-1080338940
620811255
-1798230352
-71020763
1480795629
1643098963
1
-974793981
507257737
1
-29931307
1396947791
-1
-1723446175
-2141472318
-1
22079420
-2141472318
-988533244
-71020763
1050642716
-71020763
-535632164
-71020763
-988533244
-2141472318
-988533244
-562833756
0
-1
-1590825739
1050642716
0
-916992679
1050642716
-1287702570
620811255
-432080403
1
-1177419097
1
1050642716
1070080726
-2141472318
-988533243
620811255
-988533244
507257737
1
22079420
-1653003670
-788002323
2136380185
-71020763
