931575794
931575794
-1647459891
931575794
-2052880096
1502202064
931575794
931575794
-92449572
433346882
931575794
931575794
0
931575794
570425752
1654928254
975621321
-400192560
109284702
-2142222704
284009623
1
-1076151448
1490099099
-215558671
413209661
662633333
-887530267
-153532265
1926464428
-377235478
0
-221914203
-467558629
1572991960
931575794
931575794
931575794
931575794
-2
-377235478
-377235478
931575794
-975621321
931575794
-215558671
931575794
-1707114737
1147745922
931575794
238952145
-1841047804
-367085111
931575794
