466129856
-1879174930
1687443888
1119112282
-852047297
1687443888
-801917400
-549432654
-1352926814
1687443888
-1282739086
662677658
1537145033
1333380828
-777708294
1119112282
775610754
-380621950
508654619
675590153
-1294497678
1537145033
-1765644906
1
1687443888
-846174792
1119112282
2059141813
1983037468
1430678582
1537145033
-1078204897
483425333
-1284854782
-2112308923
-489197327
462008005
1687443888
-440934313
1169907051
1421665748
1119112282
1784114999
1687443888
1537145033
1687443888
1687443888
1169907051
1119112282
675590153
-1078204897
1537145033
462008005
1687443888
1537145033
1876297829
1687443888
-1301743017
2054537951
1537145033
1188913725
