382831744
809532067
-1306211747
1096923732
-449175008
840273495
60714426
-449175008
1671726794
-1870805076
0
570569127
0
-449175008
0
-216498176
-449175008
-2011339938
-216498176
1820779577
-1156807680
726622784
639845958
2117591584
-1119652353
0
-216498176
-1486638245
-1562917648
2135906613
874720698
-275816453
0
873820720
1444720837
2084404271
-1119652353
1240421509
488889275
0
-1156807680
-1785076776
1893512926
-36944711
1575241968
-152877107
446819548
-1300315883
389482495
-37617025
-469863073
1895838064
1108865806
-879878766
224508782
997569975
1
823257146
997569975
-132472644
-449175008
-449175008
0
-1156807680
-216498176
-1156807680
-1119652353
1575241968
-216498176
0
-152877107
-535862591
1150238993
706439518
1135217260
1981198668
1152347260
-449175008
997569975
887721924
1894670198
-54735196
1098655070
